<?xml version="1.0" encoding="UTF-8"?>
<testsuite xmlns:xsi="http://www.w3.org/2001/XMLSchema-instance" xsi:noNamespaceSchemaLocation="https://maven.apache.org/surefire/maven-surefire-plugin/xsd/surefire-test-report-3.0.xsd" version="3.0" name="com.tool.integration.DdlExecutionTest" time="4.729" tests="29" errors="0" skipped="0" failures="0">
  <properties>
[...]
</properties>
  <testcase name="de01_integerTypes" classname="com.tool.integration.DdlExecutionTest" time="0.246"/>
  <testcase name="de02_decimal" classname="com.tool.integration.DdlExecutionTest" time="0.155"/>
  <testcase name="de03_floatingPoint" classname="com.tool.integration.DdlExecutionTest" time="0.13"/>
  <testcase name="de04_dateTimeTypes" classname="com.tool.integration.DdlExecutionTest" time="0.119"/>
  <testcase name="de05_stringTypes" classname="com.tool.integration.DdlExecutionTest" time="0.146"/>
  <testcase name="de06_binaryTypes" classname="com.tool.integration.DdlExecutionTest" time="0.12"/>
  <testcase name="de07_specialTypes" classname="com.tool.integration.DdlExecutionTest" time="0.109"/>
  <testcase name="de08_identityColumn" classname="com.tool.integration.DdlExecutionTest" time="0.114"/>
  <testcase name="de09_indexVariants" classname="com.tool.integration.DdlExecutionTest" time="0.648"/>
  <testcase name="de10_dropIfExists" classname="com.tool.integration.DdlExecutionTest" time="0.273"/>
  <testcase name="de11_checkConstraintDiscarded" classname="com.tool.integration.DdlExecutionTest" time="0.111"/>
  <testcase name="de12_smalldatetimeAndDatetime2Scale0" classname="com.tool.integration.DdlExecutionTest" time="0.111"/>
  <testcase name="de13_ncharAndSysname" classname="com.tool.integration.DdlExecutionTest" time="0.114"/>
  <testcase name="de14_rowversionHierarchyidSqlVariant" classname="com.tool.integration.DdlExecutionTest" time="0.105"/>
  <testcase name="de15_integerAliasNumericNtext" classname="com.tool.integration.DdlExecutionTest" time="0.117"/>
  <testcase name="de16_uniqueConstraintEnforced" classname="com.tool.integration.DdlExecutionTest" time="0.133"/>
  <testcase name="de17_columnstoreIndexDiscarded" classname="com.tool.integration.DdlExecutionTest" time="0.113"/>
  <testcase name="de18_defaultValueFunctionTranslation" classname="com.tool.integration.DdlExecutionTest" time="0.198"/>
  <testcase name="de19_columnComment" classname="com.tool.integration.DdlExecutionTest" time="0.148"/>
  <testcase name="de20_datetime3WithGetdateDefault_precisionMatched" classname="com.tool.integration.DdlExecutionTest" time="0.146"/>
  <testcase name="de21_dateColumnWithGetdateDefault" classname="com.tool.integration.DdlExecutionTest" time="0.132"/>
  <testcase name="de22_timeColumnWithGetdateDefault" classname="com.tool.integration.DdlExecutionTest" time="0.107"/>
  <testcase name="de23_uniqueidentifierWithNewidDefault" classname="com.tool.integration.DdlExecutionTest" time="0.103"/>
  <testcase name="de24_datetimeWithSysdatetimeDefault" classname="com.tool.integration.DdlExecutionTest" time="0.138"/>
  <testcase name="de25_datetime6WithGetutcdateDefault" classname="com.tool.integration.DdlExecutionTest" time="0.105"/>
  <testcase name="de26_datetime2Scale0WithGetdateDefault" classname="com.tool.integration.DdlExecutionTest" time="0.105"/>
  <testcase name="de27_numericLiteralDefaults" classname="com.tool.integration.DdlExecutionTest" time="0.112"/>
  <testcase name="de28_stringLiteralDefaults" classname="com.tool.integration.DdlExecutionTest" time="0.14"/>
  <testcase name="de29_datetime2PrecisionMatrix_withGetdateDefault" classname="com.tool.integration.DdlExecutionTest" time="0.135"/>
</testsuite>